<?xml version="1.0" encoding="UTF-8"?>
<!-- Generated by org.testng.reporters.JUnitReportReporter -->
<testsuite skipped="0" hostname="DESKTOP-85GKD85" name="com.TalentRecruit.testCases.TC_LoginTest" tests="1" failures="0" timestamp="16 Dec 2021 11:04:54 GMT" time="72.111" errors="0">
  <testcase name="loginTest" time="72.111" classname="com.TalentRecruit.testCases.TC_LoginTest"/>
</testsuite> <!-- com.TalentRecruit.testCases.TC_LoginTest -->
